<?xml version="1.0" encoding="UTF-8"?>
<testng-results ignored="0" total="1" passed="1" failed="0" skipped="0">
  <reporter-output>
  </reporter-output>
  <suite started-at="2022-11-20T13:45:07 IST" name="Default suite" finished-at="2022-11-20T13:45:11 IST" duration-ms="4113">
    <groups>
    </groups>
    <test started-at="2022-11-20T13:45:07 IST" name="Default test" finished-at="2022-11-20T13:45:11 IST" duration-ms="4113">
      <class name="com.testcases.LoginTest$Login">
        <test-method signature="login()[pri:0, instance:com.testcases.LoginTest$Login@2e005c4b]" started-at="2022-11-20T13:45:07 IST" name="login" finished-at="2022-11-20T13:45:11 IST" duration-ms="3992" status="PASS">
          <reporter-output>
          </reporter-output>
        </test-method> <!-- login -->
      </class> <!-- com.testcases.LoginTest$Login -->
    </test> <!-- Default test -->
  </suite> <!-- Default suite -->
</testng-results>
