<?xml version="1.0" encoding="UTF-8"?>
<testng-results ignored="0" total="1" passed="1" failed="0" skipped="0">
  <reporter-output>
  </reporter-output>
  <suite started-at="2022-11-20T14:43:14 IST" name="Default suite" finished-at="2022-11-20T14:43:19 IST" duration-ms="5217">
    <groups>
    </groups>
    <test started-at="2022-11-20T14:43:14 IST" name="Default test" finished-at="2022-11-20T14:43:19 IST" duration-ms="5217">
      <class name="com.testcases.LoginTest">
        <test-method signature="login()[pri:0, instance:com.testcases.LoginTest@694abbdc]" started-at="2022-11-20T14:43:14 IST" name="login" finished-at="2022-11-20T14:43:19 IST" duration-ms="5102" status="PASS">
          <reporter-output>
          </reporter-output>
        </test-method> <!-- login -->
      </class> <!-- com.testcases.LoginTest -->
    </test> <!-- Default test -->
  </suite> <!-- Default suite -->
</testng-results>
